Analysis & Synthesis report for Week7
Wed Oct 20 19:59:06 2021
Quartus II 64-Bit Version 13.0.0 Build 156 04/24/2013 SJ Web Edition


---------------------
; Table of Contents ;
---------------------
  1. Legal Notice
  2. Analysis & Synthesis Summary
  3. Analysis & Synthesis Settings
  4. Parallel Compilation
  5. Analysis & Synthesis Source Files Read
  6. Analysis & Synthesis Resource Usage Summary
  7. Analysis & Synthesis Resource Utilization by Entity
  8. Registers Removed During Synthesis
  9. General Register Statistics
 10. Multiplexer Restructuring Statistics (Restructuring Performed)
 11. Parameter Settings for User Entity Instance: Top-level Entity: |main_circuit
 12. Parameter Settings for User Entity Instance: datapath:a2
 13. Parameter Settings for User Entity Instance: datapath:a2|Mux_4to1:a1
 14. Parameter Settings for User Entity Instance: datapath:a2|Mux_4to1:a1|Mux_2to1:mux2_0
 15. Parameter Settings for User Entity Instance: datapath:a2|Mux_4to1:a1|Mux_2to1:mux2_1
 16. Parameter Settings for User Entity Instance: datapath:a2|Mux_4to1:a1|Mux_2to1:mux2_2
 17. Parameter Settings for User Entity Instance: datapath:a2|Mux8_to1:a2
 18. Parameter Settings for User Entity Instance: datapath:a2|Mux8_to1:a2|Mux_4to1:mux4_0
 19. Parameter Settings for User Entity Instance: datapath:a2|Mux8_to1:a2|Mux_4to1:mux4_0|Mux_2to1:mux2_0
 20. Parameter Settings for User Entity Instance: datapath:a2|Mux8_to1:a2|Mux_4to1:mux4_0|Mux_2to1:mux2_1
 21. Parameter Settings for User Entity Instance: datapath:a2|Mux8_to1:a2|Mux_4to1:mux4_0|Mux_2to1:mux2_2
 22. Parameter Settings for User Entity Instance: datapath:a2|Mux8_to1:a2|Mux_4to1:mux4_1
 23. Parameter Settings for User Entity Instance: datapath:a2|Mux8_to1:a2|Mux_4to1:mux4_1|Mux_2to1:mux2_0
 24. Parameter Settings for User Entity Instance: datapath:a2|Mux8_to1:a2|Mux_4to1:mux4_1|Mux_2to1:mux2_1
 25. Parameter Settings for User Entity Instance: datapath:a2|Mux8_to1:a2|Mux_4to1:mux4_1|Mux_2to1:mux2_2
 26. Parameter Settings for User Entity Instance: datapath:a2|Mux8_to1:a2|Mux_2to1:mux2_2
 27. Parameter Settings for User Entity Instance: datapath:a2|thanhghi:a3
 28. Parameter Settings for User Entity Instance: datapath:a2|thanhghi:a3|Mux_2to1:a1
 29. Parameter Settings for User Entity Instance: datapath:a2|thanhghi:a3|register:a2
 30. Parameter Settings for User Entity Instance: datapath:a2|thanhghi:a4
 31. Parameter Settings for User Entity Instance: datapath:a2|thanhghi:a4|Mux_2to1:a1
 32. Parameter Settings for User Entity Instance: datapath:a2|thanhghi:a4|register:a2
 33. Parameter Settings for User Entity Instance: datapath:a2|thanhghi:a5
 34. Parameter Settings for User Entity Instance: datapath:a2|thanhghi:a5|Mux_2to1:a1
 35. Parameter Settings for User Entity Instance: datapath:a2|thanhghi:a5|register:a2
 36. Parameter Settings for User Entity Instance: datapath:a2|abs:a6
 37. Parameter Settings for User Entity Instance: datapath:a2|abs:a6|sub:a23
 38. Parameter Settings for User Entity Instance: datapath:a2|abs:a6|Mux_2to1:a2
 39. Parameter Settings for User Entity Instance: datapath:a2|abs:a7
 40. Parameter Settings for User Entity Instance: datapath:a2|abs:a7|sub:a23
 41. Parameter Settings for User Entity Instance: datapath:a2|abs:a7|Mux_2to1:a2
 42. Parameter Settings for User Entity Instance: datapath:a2|Min:a8
 43. Parameter Settings for User Entity Instance: datapath:a2|Min:a8|sub:sub_1
 44. Parameter Settings for User Entity Instance: datapath:a2|Min:a8|Mux_2to1:a2
 45. Parameter Settings for User Entity Instance: datapath:a2|Max:a9
 46. Parameter Settings for User Entity Instance: datapath:a2|Max:a9|sub:sub_1
 47. Parameter Settings for User Entity Instance: datapath:a2|Max:a9|Mux_2to1:a2
 48. Parameter Settings for User Entity Instance: datapath:a2|add:a10
 49. Parameter Settings for User Entity Instance: datapath:a2|sub:a11
 50. Parameter Settings for User Entity Instance: datapath:a2|shift_right_1bit:a12
 51. Parameter Settings for User Entity Instance: datapath:a2|shift_right_3bit:a13
 52. Port Connectivity Checks: "datapath:a2|Max:a9|sub:sub_1"
 53. Port Connectivity Checks: "datapath:a2|Min:a8|sub:sub_1"
 54. Port Connectivity Checks: "datapath:a2|abs:a6|sub:a23"
 55. Port Connectivity Checks: "datapath:a2|Mux8_to1:a2"
 56. Port Connectivity Checks: "datapath:a2|Mux_4to1:a1"
 57. Elapsed Time Per Partition
 58. Analysis & Synthesis Messages



----------------
; Legal Notice ;
----------------
Copyright (C) 1991-2013 Altera Corporation
Your use of Altera Corporation's design tools, logic functions 
and other software and tools, and its AMPP partner logic 
functions, and any output files from any of the foregoing 
(including device programming or simulation files), and any 
associated documentation or information are expressly subject 
to the terms and conditions of the Altera Program License 
Subscription Agreement, Altera MegaCore Function License 
Agreement, or other applicable license agreement, including, 
without limitation, that your use is for the sole purpose of 
programming logic devices manufactured by Altera and sold by 
Altera or its authorized distributors.  Please refer to the 
applicable agreement for further details.



+---------------------------------------------------------------------------------+
; Analysis & Synthesis Summary                                                    ;
+------------------------------------+--------------------------------------------+
; Analysis & Synthesis Status        ; Successful - Wed Oct 20 19:59:06 2021      ;
; Quartus II 64-Bit Version          ; 13.0.0 Build 156 04/24/2013 SJ Web Edition ;
; Revision Name                      ; Week7                                      ;
; Top-level Entity Name              ; main_circuit                               ;
; Family                             ; Cyclone II                                 ;
; Total logic elements               ; 111                                        ;
;     Total combinational functions  ; 104                                        ;
;     Dedicated logic registers      ; 26                                         ;
; Total registers                    ; 26                                         ;
; Total pins                         ; 50                                         ;
; Total virtual pins                 ; 0                                          ;
; Total memory bits                  ; 0                                          ;
; Embedded Multiplier 9-bit elements ; 0                                          ;
; Total PLLs                         ; 0                                          ;
+------------------------------------+--------------------------------------------+


+----------------------------------------------------------------------------------------------------------------------+
; Analysis & Synthesis Settings                                                                                        ;
+----------------------------------------------------------------------------+--------------------+--------------------+
; Option                                                                     ; Setting            ; Default Value      ;
+----------------------------------------------------------------------------+--------------------+--------------------+
; Device                                                                     ; EP2C35F672C6       ;                    ;
; Top-level entity name                                                      ; main_circuit       ; Week7              ;
; Family name                                                                ; Cyclone II         ; Cyclone IV GX      ;
; Use smart compilation                                                      ; Off                ; Off                ;
; Enable parallel Assembler and TimeQuest Timing Analyzer during compilation ; On                 ; On                 ;
; Enable compact report table                                                ; Off                ; Off                ;
; Restructure Multiplexers                                                   ; Auto               ; Auto               ;
; Create Debugging Nodes for IP Cores                                        ; Off                ; Off                ;
; Preserve fewer node names                                                  ; On                 ; On                 ;
; Disable OpenCore Plus hardware evaluation                                  ; Off                ; Off                ;
; Verilog Version                                                            ; Verilog_2001       ; Verilog_2001       ;
; VHDL Version                                                               ; VHDL_1993          ; VHDL_1993          ;
; State Machine Processing                                                   ; Auto               ; Auto               ;
; Safe State Machine                                                         ; Off                ; Off                ;
; Extract Verilog State Machines                                             ; On                 ; On                 ;
; Extract VHDL State Machines                                                ; On                 ; On                 ;
; Ignore Verilog initial constructs                                          ; Off                ; Off                ;
; Iteration limit for constant Verilog loops                                 ; 5000               ; 5000               ;
; Iteration limit for non-constant Verilog loops                             ; 250                ; 250                ;
; Add Pass-Through Logic to Inferred RAMs                                    ; On                 ; On                 ;
; Infer RAMs from Raw Logic                                                  ; On                 ; On                 ;
; Parallel Synthesis                                                         ; On                 ; On                 ;
; DSP Block Balancing                                                        ; Auto               ; Auto               ;
; NOT Gate Push-Back                                                         ; On                 ; On                 ;
; Power-Up Don't Care                                                        ; On                 ; On                 ;
; Remove Redundant Logic Cells                                               ; Off                ; Off                ;
; Remove Duplicate Registers                                                 ; On                 ; On                 ;
; Ignore CARRY Buffers                                                       ; Off                ; Off                ;
; Ignore CASCADE Buffers                                                     ; Off                ; Off                ;
; Ignore GLOBAL Buffers                                                      ; Off                ; Off                ;
; Ignore ROW GLOBAL Buffers                                                  ; Off                ; Off                ;
; Ignore LCELL Buffers                                                       ; Off                ; Off                ;
; Ignore SOFT Buffers                                                        ; On                 ; On                 ;
; Limit AHDL Integers to 32 Bits                                             ; Off                ; Off                ;
; Optimization Technique                                                     ; Balanced           ; Balanced           ;
; Carry Chain Length                                                         ; 70                 ; 70                 ;
; Auto Carry Chains                                                          ; On                 ; On                 ;
; Auto Open-Drain Pins                                                       ; On                 ; On                 ;
; Perform WYSIWYG Primitive Resynthesis                                      ; Off                ; Off                ;
; Auto ROM Replacement                                                       ; On                 ; On                 ;
; Auto RAM Replacement                                                       ; On                 ; On                 ;
; Auto Shift Register Replacement                                            ; Auto               ; Auto               ;
; Allow Shift Register Merging across Hierarchies                            ; Auto               ; Auto               ;
; Auto Clock Enable Replacement                                              ; On                 ; On                 ;
; Strict RAM Replacement                                                     ; Off                ; Off                ;
; Allow Synchronous Control Signals                                          ; On                 ; On                 ;
; Force Use of Synchronous Clear Signals                                     ; Off                ; Off                ;
; Auto RAM to Logic Cell Conversion                                          ; Off                ; Off                ;
; Auto Resource Sharing                                                      ; Off                ; Off                ;
; Allow Any RAM Size For Recognition                                         ; Off                ; Off                ;
; Allow Any ROM Size For Recognition                                         ; Off                ; Off                ;
; Allow Any Shift Register Size For Recognition                              ; Off                ; Off                ;
; Use LogicLock Constraints during Resource Balancing                        ; On                 ; On                 ;
; Ignore translate_off and synthesis_off directives                          ; Off                ; Off                ;
; Timing-Driven Synthesis                                                    ; Off                ; Off                ;
; Report Parameter Settings                                                  ; On                 ; On                 ;
; Report Source Assignments                                                  ; On                 ; On                 ;
; Report Connectivity Checks                                                 ; On                 ; On                 ;
; Ignore Maximum Fan-Out Assignments                                         ; Off                ; Off                ;
; Synchronization Register Chain Length                                      ; 2                  ; 2                  ;
; PowerPlay Power Optimization                                               ; Normal compilation ; Normal compilation ;
; HDL message level                                                          ; Level2             ; Level2             ;
; Suppress Register Optimization Related Messages                            ; Off                ; Off                ;
; Number of Removed Registers Reported in Synthesis Report                   ; 5000               ; 5000               ;
; Number of Swept Nodes Reported in Synthesis Report                         ; 5000               ; 5000               ;
; Number of Inverted Registers Reported in Synthesis Report                  ; 100                ; 100                ;
; Clock MUX Protection                                                       ; On                 ; On                 ;
; Auto Gated Clock Conversion                                                ; Off                ; Off                ;
; Block Design Naming                                                        ; Auto               ; Auto               ;
; SDC constraint protection                                                  ; Off                ; Off                ;
; Synthesis Effort                                                           ; Auto               ; Auto               ;
; Shift Register Replacement - Allow Asynchronous Clear Signal               ; On                 ; On                 ;
; Pre-Mapping Resynthesis Optimization                                       ; Off                ; Off                ;
; Analysis & Synthesis Message Level                                         ; Medium             ; Medium             ;
; Disable Register Merging Across Hierarchies                                ; Auto               ; Auto               ;
; Resource Aware Inference For Block RAM                                     ; On                 ; On                 ;
; Synthesis Seed                                                             ; 1                  ; 1                  ;
+----------------------------------------------------------------------------+--------------------+--------------------+


Parallel compilation was disabled, but you have multiple processors available. Enable parallel compilation to reduce compilation time.
+-------------------------------------+
; Parallel Compilation                ;
+----------------------------+--------+
; Processors                 ; Number ;
+----------------------------+--------+
; Number detected on machine ; 8      ;
; Maximum allowed            ; 1      ;
+----------------------------+--------+


+-----------------------------------------------------------------------------------------------------------------------------------------------------------+
; Analysis & Synthesis Source Files Read                                                                                                                    ;
+----------------------------------+-----------------+------------------------------+-------------------------------------------------------------+---------+
; File Name with User-Entered Path ; Used in Netlist ; File Type                    ; File Name with Absolute Path                                ; Library ;
+----------------------------------+-----------------+------------------------------+-------------------------------------------------------------+---------+
; sub.sv                           ; yes             ; User SystemVerilog HDL File  ; C:/Users/Zedge Mobile/Desktop/week7_pos/sub.sv              ;         ;
; thanhghi.sv                      ; yes             ; User SystemVerilog HDL File  ; C:/Users/Zedge Mobile/Desktop/week7_pos/thanhghi.sv         ;         ;
; shift_right_1bit.sv              ; yes             ; User SystemVerilog HDL File  ; C:/Users/Zedge Mobile/Desktop/week7_pos/shift_right_1bit.sv ;         ;
; register.sv                      ; yes             ; User SystemVerilog HDL File  ; C:/Users/Zedge Mobile/Desktop/week7_pos/register.sv         ;         ;
; Mux_4to1.sv                      ; yes             ; User SystemVerilog HDL File  ; C:/Users/Zedge Mobile/Desktop/week7_pos/Mux_4to1.sv         ;         ;
; Mux_2to1.sv                      ; yes             ; User SystemVerilog HDL File  ; C:/Users/Zedge Mobile/Desktop/week7_pos/Mux_2to1.sv         ;         ;
; Mux8_to1.sv                      ; yes             ; User SystemVerilog HDL File  ; C:/Users/Zedge Mobile/Desktop/week7_pos/Mux8_to1.sv         ;         ;
; Min.sv                           ; yes             ; User SystemVerilog HDL File  ; C:/Users/Zedge Mobile/Desktop/week7_pos/Min.sv              ;         ;
; Max.sv                           ; yes             ; User SystemVerilog HDL File  ; C:/Users/Zedge Mobile/Desktop/week7_pos/Max.sv              ;         ;
; decoder.sv                       ; yes             ; User SystemVerilog HDL File  ; C:/Users/Zedge Mobile/Desktop/week7_pos/decoder.sv          ;         ;
; datapath.sv                      ; yes             ; User SystemVerilog HDL File  ; C:/Users/Zedge Mobile/Desktop/week7_pos/datapath.sv         ;         ;
; convert1.sv                      ; yes             ; User SystemVerilog HDL File  ; C:/Users/Zedge Mobile/Desktop/week7_pos/convert1.sv         ;         ;
; controler.sv                     ; yes             ; User SystemVerilog HDL File  ; C:/Users/Zedge Mobile/Desktop/week7_pos/controler.sv        ;         ;
; add.sv                           ; yes             ; User SystemVerilog HDL File  ; C:/Users/Zedge Mobile/Desktop/week7_pos/add.sv              ;         ;
; Abs.sv                           ; yes             ; User SystemVerilog HDL File  ; C:/Users/Zedge Mobile/Desktop/week7_pos/Abs.sv              ;         ;
; shift_right_3bit.v               ; yes             ; User Verilog HDL File        ; C:/Users/Zedge Mobile/Desktop/week7_pos/shift_right_3bit.v  ;         ;
; main_circuit.v                   ; yes             ; User Verilog HDL File        ; C:/Users/Zedge Mobile/Desktop/week7_pos/main_circuit.v      ;         ;
+----------------------------------+-----------------+------------------------------+-------------------------------------------------------------+---------+


+-------------------------------------------------------------------------------+
; Analysis & Synthesis Resource Usage Summary                                   ;
+---------------------------------------------+---------------------------------+
; Resource                                    ; Usage                           ;
+---------------------------------------------+---------------------------------+
; Estimated Total logic elements              ; 111                             ;
;                                             ;                                 ;
; Total combinational functions               ; 104                             ;
; Logic element usage by number of LUT inputs ;                                 ;
;     -- 4 input functions                    ; 47                              ;
;     -- 3 input functions                    ; 36                              ;
;     -- <=2 input functions                  ; 21                              ;
;                                             ;                                 ;
; Logic elements by mode                      ;                                 ;
;     -- normal mode                          ; 71                              ;
;     -- arithmetic mode                      ; 33                              ;
;                                             ;                                 ;
; Total registers                             ; 26                              ;
;     -- Dedicated logic registers            ; 26                              ;
;     -- I/O registers                        ; 0                               ;
;                                             ;                                 ;
; I/O pins                                    ; 50                              ;
; Embedded Multiplier 9-bit elements          ; 0                               ;
; Maximum fan-out node                        ; controler:a1|convert1:a0|Out[0] ;
; Maximum fan-out                             ; 30                              ;
; Total fan-out                               ; 445                             ;
; Average fan-out                             ; 2.47                            ;
+---------------------------------------------+---------------------------------+


+----------------------------------------------------------------------------------------------------------------------------------------------------------------------------------------------------------------------------------+
; Analysis & Synthesis Resource Utilization by Entity                                                                                                                                                                              ;
+-------------------------------+-------------------+--------------+-------------+--------------+---------+-----------+------+--------------+-----------------------------------------------------------------------+--------------+
; Compilation Hierarchy Node    ; LC Combinationals ; LC Registers ; Memory Bits ; DSP Elements ; DSP 9x9 ; DSP 18x18 ; Pins ; Virtual Pins ; Full Hierarchy Name                                                   ; Library Name ;
+-------------------------------+-------------------+--------------+-------------+--------------+---------+-----------+------+--------------+-----------------------------------------------------------------------+--------------+
; |main_circuit                 ; 104 (0)           ; 26 (0)       ; 0           ; 0            ; 0       ; 0         ; 50   ; 0            ; |main_circuit                                                         ;              ;
;    |controler:a1|             ; 8 (0)             ; 3 (0)        ; 0           ; 0            ; 0       ; 0         ; 0    ; 0            ; |main_circuit|controler:a1                                            ;              ;
;       |convert1:a0|           ; 3 (3)             ; 3 (3)        ; 0           ; 0            ; 0       ; 0         ; 0    ; 0            ; |main_circuit|controler:a1|convert1:a0                                ;              ;
;       |decoder:a1|            ; 5 (5)             ; 0 (0)        ; 0           ; 0            ; 0       ; 0         ; 0    ; 0            ; |main_circuit|controler:a1|decoder:a1                                 ;              ;
;    |datapath:a2|              ; 96 (0)            ; 23 (0)       ; 0           ; 0            ; 0       ; 0         ; 0    ; 0            ; |main_circuit|datapath:a2                                             ;              ;
;       |Max:a9|                ; 8 (0)             ; 0 (0)        ; 0           ; 0            ; 0       ; 0         ; 0    ; 0            ; |main_circuit|datapath:a2|Max:a9                                      ;              ;
;          |sub:sub_1|          ; 8 (8)             ; 0 (0)        ; 0           ; 0            ; 0       ; 0         ; 0    ; 0            ; |main_circuit|datapath:a2|Max:a9|sub:sub_1                            ;              ;
;       |Mux8_to1:a2|           ; 30 (0)            ; 0 (0)        ; 0           ; 0            ; 0       ; 0         ; 0    ; 0            ; |main_circuit|datapath:a2|Mux8_to1:a2                                 ;              ;
;          |Mux_2to1:mux2_2|    ; 27 (27)           ; 0 (0)        ; 0           ; 0            ; 0       ; 0         ; 0    ; 0            ; |main_circuit|datapath:a2|Mux8_to1:a2|Mux_2to1:mux2_2                 ;              ;
;          |Mux_4to1:mux4_0|    ; 3 (0)             ; 0 (0)        ; 0           ; 0            ; 0       ; 0         ; 0    ; 0            ; |main_circuit|datapath:a2|Mux8_to1:a2|Mux_4to1:mux4_0                 ;              ;
;             |Mux_2to1:mux2_2| ; 3 (3)             ; 0 (0)        ; 0           ; 0            ; 0       ; 0         ; 0    ; 0            ; |main_circuit|datapath:a2|Mux8_to1:a2|Mux_4to1:mux4_0|Mux_2to1:mux2_2 ;              ;
;       |Mux_4to1:a1|           ; 1 (0)             ; 0 (0)        ; 0           ; 0            ; 0       ; 0         ; 0    ; 0            ; |main_circuit|datapath:a2|Mux_4to1:a1                                 ;              ;
;          |Mux_2to1:mux2_2|    ; 1 (1)             ; 0 (0)        ; 0           ; 0            ; 0       ; 0         ; 0    ; 0            ; |main_circuit|datapath:a2|Mux_4to1:a1|Mux_2to1:mux2_2                 ;              ;
;       |abs:a6|                ; 7 (0)             ; 0 (0)        ; 0           ; 0            ; 0       ; 0         ; 0    ; 0            ; |main_circuit|datapath:a2|abs:a6                                      ;              ;
;          |sub:a23|            ; 7 (7)             ; 0 (0)        ; 0           ; 0            ; 0       ; 0         ; 0    ; 0            ; |main_circuit|datapath:a2|abs:a6|sub:a23                              ;              ;
;       |abs:a7|                ; 7 (0)             ; 0 (0)        ; 0           ; 0            ; 0       ; 0         ; 0    ; 0            ; |main_circuit|datapath:a2|abs:a7                                      ;              ;
;          |sub:a23|            ; 7 (7)             ; 0 (0)        ; 0           ; 0            ; 0       ; 0         ; 0    ; 0            ; |main_circuit|datapath:a2|abs:a7|sub:a23                              ;              ;
;       |add:a10|               ; 8 (8)             ; 0 (0)        ; 0           ; 0            ; 0       ; 0         ; 0    ; 0            ; |main_circuit|datapath:a2|add:a10                                     ;              ;
;       |sub:a11|               ; 8 (8)             ; 0 (0)        ; 0           ; 0            ; 0       ; 0         ; 0    ; 0            ; |main_circuit|datapath:a2|sub:a11                                     ;              ;
;       |thanhghi:a3|           ; 22 (0)            ; 8 (0)        ; 0           ; 0            ; 0       ; 0         ; 0    ; 0            ; |main_circuit|datapath:a2|thanhghi:a3                                 ;              ;
;          |Mux_2to1:a1|        ; 12 (12)           ; 0 (0)        ; 0           ; 0            ; 0       ; 0         ; 0    ; 0            ; |main_circuit|datapath:a2|thanhghi:a3|Mux_2to1:a1                     ;              ;
;          |register:a2|        ; 10 (10)           ; 8 (8)        ; 0           ; 0            ; 0       ; 0         ; 0    ; 0            ; |main_circuit|datapath:a2|thanhghi:a3|register:a2                     ;              ;
;       |thanhghi:a4|           ; 5 (0)             ; 8 (0)        ; 0           ; 0            ; 0       ; 0         ; 0    ; 0            ; |main_circuit|datapath:a2|thanhghi:a4                                 ;              ;
;          |register:a2|        ; 5 (5)             ; 8 (8)        ; 0           ; 0            ; 0       ; 0         ; 0    ; 0            ; |main_circuit|datapath:a2|thanhghi:a4|register:a2                     ;              ;
;       |thanhghi:a5|           ; 0 (0)             ; 7 (0)        ; 0           ; 0            ; 0       ; 0         ; 0    ; 0            ; |main_circuit|datapath:a2|thanhghi:a5                                 ;              ;
;          |register:a2|        ; 0 (0)             ; 7 (7)        ; 0           ; 0            ; 0       ; 0         ; 0    ; 0            ; |main_circuit|datapath:a2|thanhghi:a5|register:a2                     ;              ;
+-------------------------------+-------------------+--------------+-------------+--------------+---------+-----------+------+--------------+-----------------------------------------------------------------------+--------------+
Note: For table entries with two numbers listed, the numbers in parentheses indicate the number of resources of the given type used by the specific entity alone. The numbers listed outside of parentheses indicate the total resources of the given type used by the specific entity and all of its sub-entities in the hierarchy.


+-------------------------------------------------------------------------------------+
; Registers Removed During Synthesis                                                  ;
+--------------------------------------------+----------------------------------------+
; Register name                              ; Reason for Removal                     ;
+--------------------------------------------+----------------------------------------+
; datapath:a2|thanhghi:a5|register:a2|Out[7] ; Stuck at GND due to stuck port data_in ;
; Total Number of Removed Registers = 1      ;                                        ;
+--------------------------------------------+----------------------------------------+


+------------------------------------------------------+
; General Register Statistics                          ;
+----------------------------------------------+-------+
; Statistic                                    ; Value ;
+----------------------------------------------+-------+
; Total registers                              ; 26    ;
; Number of registers using Synchronous Clear  ; 0     ;
; Number of registers using Synchronous Load   ; 3     ;
; Number of registers using Asynchronous Clear ; 0     ;
; Number of registers using Asynchronous Load  ; 0     ;
; Number of registers using Clock Enable       ; 13    ;
; Number of registers using Preset             ; 0     ;
+----------------------------------------------+-------+


+------------------------------------------------------------------------------------------------------------------------------------------------------------------------+
; Multiplexer Restructuring Statistics (Restructuring Performed)                                                                                                         ;
+--------------------+-----------+---------------+----------------------+------------------------+------------+----------------------------------------------------------+
; Multiplexer Inputs ; Bus Width ; Baseline Area ; Area if Restructured ; Saving if Restructured ; Registered ; Example Multiplexer Output                               ;
+--------------------+-----------+---------------+----------------------+------------------------+------------+----------------------------------------------------------+
; 7:1                ; 6 bits    ; 24 LEs        ; 18 LEs               ; 6 LEs                  ; Yes        ; |main_circuit|datapath:a2|thanhghi:a4|register:a2|Out[1] ;
; 6:1                ; 6 bits    ; 24 LEs        ; 12 LEs               ; 12 LEs                 ; Yes        ; |main_circuit|datapath:a2|thanhghi:a3|register:a2|Out[1] ;
+--------------------+-----------+---------------+----------------------+------------------------+------------+----------------------------------------------------------+


+------------------------------------------------------------------------------+
; Parameter Settings for User Entity Instance: Top-level Entity: |main_circuit ;
+----------------+-------+-----------------------------------------------------+
; Parameter Name ; Value ; Type                                                ;
+----------------+-------+-----------------------------------------------------+
; n              ; 8     ; Signed Integer                                      ;
+----------------+-------+-----------------------------------------------------+
Note: In order to hide this table in the UI and the text report file, please set the "Show Parameter Settings in Synthesis Report" option in "Analysis and Synthesis Settings -> More Settings" to "Off".


+----------------------------------------------------------+
; Parameter Settings for User Entity Instance: datapath:a2 ;
+----------------+-------+---------------------------------+
; Parameter Name ; Value ; Type                            ;
+----------------+-------+---------------------------------+
; n              ; 8     ; Signed Integer                  ;
+----------------+-------+---------------------------------+
Note: In order to hide this table in the UI and the text report file, please set the "Show Parameter Settings in Synthesis Report" option in "Analysis and Synthesis Settings -> More Settings" to "Off".


+----------------------------------------------------------------------+
; Parameter Settings for User Entity Instance: datapath:a2|Mux_4to1:a1 ;
+----------------+-------+---------------------------------------------+
; Parameter Name ; Value ; Type                                        ;
+----------------+-------+---------------------------------------------+
; n              ; 8     ; Signed Integer                              ;
+----------------+-------+---------------------------------------------+
Note: In order to hide this table in the UI and the text report file, please set the "Show Parameter Settings in Synthesis Report" option in "Analysis and Synthesis Settings -> More Settings" to "Off".


+--------------------------------------------------------------------------------------+
; Parameter Settings for User Entity Instance: datapath:a2|Mux_4to1:a1|Mux_2to1:mux2_0 ;
+----------------+-------+-------------------------------------------------------------+
; Parameter Name ; Value ; Type                                                        ;
+----------------+-------+-------------------------------------------------------------+
; n              ; 8     ; Signed Integer                                              ;
+----------------+-------+-------------------------------------------------------------+
Note: In order to hide this table in the UI and the text report file, please set the "Show Parameter Settings in Synthesis Report" option in "Analysis and Synthesis Settings -> More Settings" to "Off".


+--------------------------------------------------------------------------------------+
; Parameter Settings for User Entity Instance: datapath:a2|Mux_4to1:a1|Mux_2to1:mux2_1 ;
+----------------+-------+-------------------------------------------------------------+
; Parameter Name ; Value ; Type                                                        ;
+----------------+-------+-------------------------------------------------------------+
; n              ; 8     ; Signed Integer                                              ;
+----------------+-------+-------------------------------------------------------------+
Note: In order to hide this table in the UI and the text report file, please set the "Show Parameter Settings in Synthesis Report" option in "Analysis and Synthesis Settings -> More Settings" to "Off".


+--------------------------------------------------------------------------------------+
; Parameter Settings for User Entity Instance: datapath:a2|Mux_4to1:a1|Mux_2to1:mux2_2 ;
+----------------+-------+-------------------------------------------------------------+
; Parameter Name ; Value ; Type                                                        ;
+----------------+-------+-------------------------------------------------------------+
; n              ; 8     ; Signed Integer                                              ;
+----------------+-------+-------------------------------------------------------------+
Note: In order to hide this table in the UI and the text report file, please set the "Show Parameter Settings in Synthesis Report" option in "Analysis and Synthesis Settings -> More Settings" to "Off".


+----------------------------------------------------------------------+
; Parameter Settings for User Entity Instance: datapath:a2|Mux8_to1:a2 ;
+----------------+-------+---------------------------------------------+
; Parameter Name ; Value ; Type                                        ;
+----------------+-------+---------------------------------------------+
; n              ; 8     ; Signed Integer                              ;
+----------------+-------+---------------------------------------------+
Note: In order to hide this table in the UI and the text report file, please set the "Show Parameter Settings in Synthesis Report" option in "Analysis and Synthesis Settings -> More Settings" to "Off".


+--------------------------------------------------------------------------------------+
; Parameter Settings for User Entity Instance: datapath:a2|Mux8_to1:a2|Mux_4to1:mux4_0 ;
+----------------+-------+-------------------------------------------------------------+
; Parameter Name ; Value ; Type                                                        ;
+----------------+-------+-------------------------------------------------------------+
; n              ; 8     ; Signed Integer                                              ;
+----------------+-------+-------------------------------------------------------------+
Note: In order to hide this table in the UI and the text report file, please set the "Show Parameter Settings in Synthesis Report" option in "Analysis and Synthesis Settings -> More Settings" to "Off".


+------------------------------------------------------------------------------------------------------+
; Parameter Settings for User Entity Instance: datapath:a2|Mux8_to1:a2|Mux_4to1:mux4_0|Mux_2to1:mux2_0 ;
+----------------+-------+-----------------------------------------------------------------------------+
; Parameter Name ; Value ; Type                                                                        ;
+----------------+-------+-----------------------------------------------------------------------------+
; n              ; 8     ; Signed Integer                                                              ;
+----------------+-------+-----------------------------------------------------------------------------+
Note: In order to hide this table in the UI and the text report file, please set the "Show Parameter Settings in Synthesis Report" option in "Analysis and Synthesis Settings -> More Settings" to "Off".


+------------------------------------------------------------------------------------------------------+
; Parameter Settings for User Entity Instance: datapath:a2|Mux8_to1:a2|Mux_4to1:mux4_0|Mux_2to1:mux2_1 ;
+----------------+-------+-----------------------------------------------------------------------------+
; Parameter Name ; Value ; Type                                                                        ;
+----------------+-------+-----------------------------------------------------------------------------+
; n              ; 8     ; Signed Integer                                                              ;
+----------------+-------+-----------------------------------------------------------------------------+
Note: In order to hide this table in the UI and the text report file, please set the "Show Parameter Settings in Synthesis Report" option in "Analysis and Synthesis Settings -> More Settings" to "Off".


+------------------------------------------------------------------------------------------------------+
; Parameter Settings for User Entity Instance: datapath:a2|Mux8_to1:a2|Mux_4to1:mux4_0|Mux_2to1:mux2_2 ;
+----------------+-------+-----------------------------------------------------------------------------+
; Parameter Name ; Value ; Type                                                                        ;
+----------------+-------+-----------------------------------------------------------------------------+
; n              ; 8     ; Signed Integer                                                              ;
+----------------+-------+-----------------------------------------------------------------------------+
Note: In order to hide this table in the UI and the text report file, please set the "Show Parameter Settings in Synthesis Report" option in "Analysis and Synthesis Settings -> More Settings" to "Off".


+--------------------------------------------------------------------------------------+
; Parameter Settings for User Entity Instance: datapath:a2|Mux8_to1:a2|Mux_4to1:mux4_1 ;
+----------------+-------+-------------------------------------------------------------+
; Parameter Name ; Value ; Type                                                        ;
+----------------+-------+-------------------------------------------------------------+
; n              ; 8     ; Signed Integer                                              ;
+----------------+-------+-------------------------------------------------------------+
Note: In order to hide this table in the UI and the text report file, please set the "Show Parameter Settings in Synthesis Report" option in "Analysis and Synthesis Settings -> More Settings" to "Off".


+------------------------------------------------------------------------------------------------------+
; Parameter Settings for User Entity Instance: datapath:a2|Mux8_to1:a2|Mux_4to1:mux4_1|Mux_2to1:mux2_0 ;
+----------------+-------+-----------------------------------------------------------------------------+
; Parameter Name ; Value ; Type                                                                        ;
+----------------+-------+-----------------------------------------------------------------------------+
; n              ; 8     ; Signed Integer                                                              ;
+----------------+-------+-----------------------------------------------------------------------------+
Note: In order to hide this table in the UI and the text report file, please set the "Show Parameter Settings in Synthesis Report" option in "Analysis and Synthesis Settings -> More Settings" to "Off".


+------------------------------------------------------------------------------------------------------+
; Parameter Settings for User Entity Instance: datapath:a2|Mux8_to1:a2|Mux_4to1:mux4_1|Mux_2to1:mux2_1 ;
+----------------+-------+-----------------------------------------------------------------------------+
; Parameter Name ; Value ; Type                                                                        ;
+----------------+-------+-----------------------------------------------------------------------------+
; n              ; 8     ; Signed Integer                                                              ;
+----------------+-------+-----------------------------------------------------------------------------+
Note: In order to hide this table in the UI and the text report file, please set the "Show Parameter Settings in Synthesis Report" option in "Analysis and Synthesis Settings -> More Settings" to "Off".


+------------------------------------------------------------------------------------------------------+
; Parameter Settings for User Entity Instance: datapath:a2|Mux8_to1:a2|Mux_4to1:mux4_1|Mux_2to1:mux2_2 ;
+----------------+-------+-----------------------------------------------------------------------------+
; Parameter Name ; Value ; Type                                                                        ;
+----------------+-------+-----------------------------------------------------------------------------+
; n              ; 8     ; Signed Integer                                                              ;
+----------------+-------+-----------------------------------------------------------------------------+
Note: In order to hide this table in the UI and the text report file, please set the "Show Parameter Settings in Synthesis Report" option in "Analysis and Synthesis Settings -> More Settings" to "Off".


+--------------------------------------------------------------------------------------+
; Parameter Settings for User Entity Instance: datapath:a2|Mux8_to1:a2|Mux_2to1:mux2_2 ;
+----------------+-------+-------------------------------------------------------------+
; Parameter Name ; Value ; Type                                                        ;
+----------------+-------+-------------------------------------------------------------+
; n              ; 8     ; Signed Integer                                              ;
+----------------+-------+-------------------------------------------------------------+
Note: In order to hide this table in the UI and the text report file, please set the "Show Parameter Settings in Synthesis Report" option in "Analysis and Synthesis Settings -> More Settings" to "Off".


+----------------------------------------------------------------------+
; Parameter Settings for User Entity Instance: datapath:a2|thanhghi:a3 ;
+----------------+-------+---------------------------------------------+
; Parameter Name ; Value ; Type                                        ;
+----------------+-------+---------------------------------------------+
; n              ; 8     ; Signed Integer                              ;
+----------------+-------+---------------------------------------------+
Note: In order to hide this table in the UI and the text report file, please set the "Show Parameter Settings in Synthesis Report" option in "Analysis and Synthesis Settings -> More Settings" to "Off".


+----------------------------------------------------------------------------------+
; Parameter Settings for User Entity Instance: datapath:a2|thanhghi:a3|Mux_2to1:a1 ;
+----------------+-------+---------------------------------------------------------+
; Parameter Name ; Value ; Type                                                    ;
+----------------+-------+---------------------------------------------------------+
; n              ; 8     ; Signed Integer                                          ;
+----------------+-------+---------------------------------------------------------+
Note: In order to hide this table in the UI and the text report file, please set the "Show Parameter Settings in Synthesis Report" option in "Analysis and Synthesis Settings -> More Settings" to "Off".


+----------------------------------------------------------------------------------+
; Parameter Settings for User Entity Instance: datapath:a2|thanhghi:a3|register:a2 ;
+----------------+-------+---------------------------------------------------------+
; Parameter Name ; Value ; Type                                                    ;
+----------------+-------+---------------------------------------------------------+
; n              ; 8     ; Signed Integer                                          ;
+----------------+-------+---------------------------------------------------------+
Note: In order to hide this table in the UI and the text report file, please set the "Show Parameter Settings in Synthesis Report" option in "Analysis and Synthesis Settings -> More Settings" to "Off".


+----------------------------------------------------------------------+
; Parameter Settings for User Entity Instance: datapath:a2|thanhghi:a4 ;
+----------------+-------+---------------------------------------------+
; Parameter Name ; Value ; Type                                        ;
+----------------+-------+---------------------------------------------+
; n              ; 8     ; Signed Integer                              ;
+----------------+-------+---------------------------------------------+
Note: In order to hide this table in the UI and the text report file, please set the "Show Parameter Settings in Synthesis Report" option in "Analysis and Synthesis Settings -> More Settings" to "Off".


+----------------------------------------------------------------------------------+
; Parameter Settings for User Entity Instance: datapath:a2|thanhghi:a4|Mux_2to1:a1 ;
+----------------+-------+---------------------------------------------------------+
; Parameter Name ; Value ; Type                                                    ;
+----------------+-------+---------------------------------------------------------+
; n              ; 8     ; Signed Integer                                          ;
+----------------+-------+---------------------------------------------------------+
Note: In order to hide this table in the UI and the text report file, please set the "Show Parameter Settings in Synthesis Report" option in "Analysis and Synthesis Settings -> More Settings" to "Off".


+----------------------------------------------------------------------------------+
; Parameter Settings for User Entity Instance: datapath:a2|thanhghi:a4|register:a2 ;
+----------------+-------+---------------------------------------------------------+
; Parameter Name ; Value ; Type                                                    ;
+----------------+-------+---------------------------------------------------------+
; n              ; 8     ; Signed Integer                                          ;
+----------------+-------+---------------------------------------------------------+
Note: In order to hide this table in the UI and the text report file, please set the "Show Parameter Settings in Synthesis Report" option in "Analysis and Synthesis Settings -> More Settings" to "Off".


+----------------------------------------------------------------------+
; Parameter Settings for User Entity Instance: datapath:a2|thanhghi:a5 ;
+----------------+-------+---------------------------------------------+
; Parameter Name ; Value ; Type                                        ;
+----------------+-------+---------------------------------------------+
; n              ; 8     ; Signed Integer                              ;
+----------------+-------+---------------------------------------------+
Note: In order to hide this table in the UI and the text report file, please set the "Show Parameter Settings in Synthesis Report" option in "Analysis and Synthesis Settings -> More Settings" to "Off".


+----------------------------------------------------------------------------------+
; Parameter Settings for User Entity Instance: datapath:a2|thanhghi:a5|Mux_2to1:a1 ;
+----------------+-------+---------------------------------------------------------+
; Parameter Name ; Value ; Type                                                    ;
+----------------+-------+---------------------------------------------------------+
; n              ; 8     ; Signed Integer                                          ;
+----------------+-------+---------------------------------------------------------+
Note: In order to hide this table in the UI and the text report file, please set the "Show Parameter Settings in Synthesis Report" option in "Analysis and Synthesis Settings -> More Settings" to "Off".


+----------------------------------------------------------------------------------+
; Parameter Settings for User Entity Instance: datapath:a2|thanhghi:a5|register:a2 ;
+----------------+-------+---------------------------------------------------------+
; Parameter Name ; Value ; Type                                                    ;
+----------------+-------+---------------------------------------------------------+
; n              ; 8     ; Signed Integer                                          ;
+----------------+-------+---------------------------------------------------------+
Note: In order to hide this table in the UI and the text report file, please set the "Show Parameter Settings in Synthesis Report" option in "Analysis and Synthesis Settings -> More Settings" to "Off".


+-----------------------------------------------------------------+
; Parameter Settings for User Entity Instance: datapath:a2|abs:a6 ;
+----------------+-------+----------------------------------------+
; Parameter Name ; Value ; Type                                   ;
+----------------+-------+----------------------------------------+
; n              ; 8     ; Signed Integer                         ;
+----------------+-------+----------------------------------------+
Note: In order to hide this table in the UI and the text report file, please set the "Show Parameter Settings in Synthesis Report" option in "Analysis and Synthesis Settings -> More Settings" to "Off".


+-------------------------------------------------------------------------+
; Parameter Settings for User Entity Instance: datapath:a2|abs:a6|sub:a23 ;
+----------------+-------+------------------------------------------------+
; Parameter Name ; Value ; Type                                           ;
+----------------+-------+------------------------------------------------+
; n              ; 8     ; Signed Integer                                 ;
+----------------+-------+------------------------------------------------+
Note: In order to hide this table in the UI and the text report file, please set the "Show Parameter Settings in Synthesis Report" option in "Analysis and Synthesis Settings -> More Settings" to "Off".


+-----------------------------------------------------------------------------+
; Parameter Settings for User Entity Instance: datapath:a2|abs:a6|Mux_2to1:a2 ;
+----------------+-------+----------------------------------------------------+
; Parameter Name ; Value ; Type                                               ;
+----------------+-------+----------------------------------------------------+
; n              ; 8     ; Signed Integer                                     ;
+----------------+-------+----------------------------------------------------+
Note: In order to hide this table in the UI and the text report file, please set the "Show Parameter Settings in Synthesis Report" option in "Analysis and Synthesis Settings -> More Settings" to "Off".


+-----------------------------------------------------------------+
; Parameter Settings for User Entity Instance: datapath:a2|abs:a7 ;
+----------------+-------+----------------------------------------+
; Parameter Name ; Value ; Type                                   ;
+----------------+-------+----------------------------------------+
; n              ; 8     ; Signed Integer                         ;
+----------------+-------+----------------------------------------+
Note: In order to hide this table in the UI and the text report file, please set the "Show Parameter Settings in Synthesis Report" option in "Analysis and Synthesis Settings -> More Settings" to "Off".


+-------------------------------------------------------------------------+
; Parameter Settings for User Entity Instance: datapath:a2|abs:a7|sub:a23 ;
+----------------+-------+------------------------------------------------+
; Parameter Name ; Value ; Type                                           ;
+----------------+-------+------------------------------------------------+
; n              ; 8     ; Signed Integer                                 ;
+----------------+-------+------------------------------------------------+
Note: In order to hide this table in the UI and the text report file, please set the "Show Parameter Settings in Synthesis Report" option in "Analysis and Synthesis Settings -> More Settings" to "Off".


+-----------------------------------------------------------------------------+
; Parameter Settings for User Entity Instance: datapath:a2|abs:a7|Mux_2to1:a2 ;
+----------------+-------+----------------------------------------------------+
; Parameter Name ; Value ; Type                                               ;
+----------------+-------+----------------------------------------------------+
; n              ; 8     ; Signed Integer                                     ;
+----------------+-------+----------------------------------------------------+
Note: In order to hide this table in the UI and the text report file, please set the "Show Parameter Settings in Synthesis Report" option in "Analysis and Synthesis Settings -> More Settings" to "Off".


+-----------------------------------------------------------------+
; Parameter Settings for User Entity Instance: datapath:a2|Min:a8 ;
+----------------+-------+----------------------------------------+
; Parameter Name ; Value ; Type                                   ;
+----------------+-------+----------------------------------------+
; n              ; 8     ; Signed Integer                         ;
+----------------+-------+----------------------------------------+
Note: In order to hide this table in the UI and the text report file, please set the "Show Parameter Settings in Synthesis Report" option in "Analysis and Synthesis Settings -> More Settings" to "Off".


+---------------------------------------------------------------------------+
; Parameter Settings for User Entity Instance: datapath:a2|Min:a8|sub:sub_1 ;
+----------------+-------+--------------------------------------------------+
; Parameter Name ; Value ; Type                                             ;
+----------------+-------+--------------------------------------------------+
; n              ; 8     ; Signed Integer                                   ;
+----------------+-------+--------------------------------------------------+
Note: In order to hide this table in the UI and the text report file, please set the "Show Parameter Settings in Synthesis Report" option in "Analysis and Synthesis Settings -> More Settings" to "Off".


+-----------------------------------------------------------------------------+
; Parameter Settings for User Entity Instance: datapath:a2|Min:a8|Mux_2to1:a2 ;
+----------------+-------+----------------------------------------------------+
; Parameter Name ; Value ; Type                                               ;
+----------------+-------+----------------------------------------------------+
; n              ; 8     ; Signed Integer                                     ;
+----------------+-------+----------------------------------------------------+
Note: In order to hide this table in the UI and the text report file, please set the "Show Parameter Settings in Synthesis Report" option in "Analysis and Synthesis Settings -> More Settings" to "Off".


+-----------------------------------------------------------------+
; Parameter Settings for User Entity Instance: datapath:a2|Max:a9 ;
+----------------+-------+----------------------------------------+
; Parameter Name ; Value ; Type                                   ;
+----------------+-------+----------------------------------------+
; n              ; 8     ; Signed Integer                         ;
+----------------+-------+----------------------------------------+
Note: In order to hide this table in the UI and the text report file, please set the "Show Parameter Settings in Synthesis Report" option in "Analysis and Synthesis Settings -> More Settings" to "Off".


+---------------------------------------------------------------------------+
; Parameter Settings for User Entity Instance: datapath:a2|Max:a9|sub:sub_1 ;
+----------------+-------+--------------------------------------------------+
; Parameter Name ; Value ; Type                                             ;
+----------------+-------+--------------------------------------------------+
; n              ; 8     ; Signed Integer                                   ;
+----------------+-------+--------------------------------------------------+
Note: In order to hide this table in the UI and the text report file, please set the "Show Parameter Settings in Synthesis Report" option in "Analysis and Synthesis Settings -> More Settings" to "Off".


+-----------------------------------------------------------------------------+
; Parameter Settings for User Entity Instance: datapath:a2|Max:a9|Mux_2to1:a2 ;
+----------------+-------+----------------------------------------------------+
; Parameter Name ; Value ; Type                                               ;
+----------------+-------+----------------------------------------------------+
; n              ; 8     ; Signed Integer                                     ;
+----------------+-------+----------------------------------------------------+
Note: In order to hide this table in the UI and the text report file, please set the "Show Parameter Settings in Synthesis Report" option in "Analysis and Synthesis Settings -> More Settings" to "Off".


+------------------------------------------------------------------+
; Parameter Settings for User Entity Instance: datapath:a2|add:a10 ;
+----------------+-------+-----------------------------------------+
; Parameter Name ; Value ; Type                                    ;
+----------------+-------+-----------------------------------------+
; n              ; 8     ; Signed Integer                          ;
+----------------+-------+-----------------------------------------+
Note: In order to hide this table in the UI and the text report file, please set the "Show Parameter Settings in Synthesis Report" option in "Analysis and Synthesis Settings -> More Settings" to "Off".


+------------------------------------------------------------------+
; Parameter Settings for User Entity Instance: datapath:a2|sub:a11 ;
+----------------+-------+-----------------------------------------+
; Parameter Name ; Value ; Type                                    ;
+----------------+-------+-----------------------------------------+
; n              ; 8     ; Signed Integer                          ;
+----------------+-------+-----------------------------------------+
Note: In order to hide this table in the UI and the text report file, please set the "Show Parameter Settings in Synthesis Report" option in "Analysis and Synthesis Settings -> More Settings" to "Off".


+-------------------------------------------------------------------------------+
; Parameter Settings for User Entity Instance: datapath:a2|shift_right_1bit:a12 ;
+----------------+-------+------------------------------------------------------+
; Parameter Name ; Value ; Type                                                 ;
+----------------+-------+------------------------------------------------------+
; n              ; 8     ; Signed Integer                                       ;
+----------------+-------+------------------------------------------------------+
Note: In order to hide this table in the UI and the text report file, please set the "Show Parameter Settings in Synthesis Report" option in "Analysis and Synthesis Settings -> More Settings" to "Off".


+-------------------------------------------------------------------------------+
; Parameter Settings for User Entity Instance: datapath:a2|shift_right_3bit:a13 ;
+----------------+-------+------------------------------------------------------+
; Parameter Name ; Value ; Type                                                 ;
+----------------+-------+------------------------------------------------------+
; n              ; 8     ; Signed Integer                                       ;
+----------------+-------+------------------------------------------------------+
Note: In order to hide this table in the UI and the text report file, please set the "Show Parameter Settings in Synthesis Report" option in "Analysis and Synthesis Settings -> More Settings" to "Off".


+---------------------------------------------------------------------------------------------------------------------+
; Port Connectivity Checks: "datapath:a2|Max:a9|sub:sub_1"                                                            ;
+-----------+--------+----------+-------------------------------------------------------------------------------------+
; Port      ; Type   ; Severity ; Details                                                                             ;
+-----------+--------+----------+-------------------------------------------------------------------------------------+
; Out[6..0] ; Output ; Info     ; Connected to dangling logic. Logic that only feeds a dangling port will be removed. ;
+-----------+--------+----------+-------------------------------------------------------------------------------------+


+---------------------------------------------------------------------------------------------------------------------+
; Port Connectivity Checks: "datapath:a2|Min:a8|sub:sub_1"                                                            ;
+-----------+--------+----------+-------------------------------------------------------------------------------------+
; Port      ; Type   ; Severity ; Details                                                                             ;
+-----------+--------+----------+-------------------------------------------------------------------------------------+
; Out[6..0] ; Output ; Info     ; Connected to dangling logic. Logic that only feeds a dangling port will be removed. ;
+-----------+--------+----------+-------------------------------------------------------------------------------------+


+--------------------------------------------------------+
; Port Connectivity Checks: "datapath:a2|abs:a6|sub:a23" ;
+------+-------+----------+------------------------------+
; Port ; Type  ; Severity ; Details                      ;
+------+-------+----------+------------------------------+
; a    ; Input ; Info     ; Stuck at GND                 ;
+------+-------+----------+------------------------------+


+-----------------------------------------------------+
; Port Connectivity Checks: "datapath:a2|Mux8_to1:a2" ;
+------+-------+----------+---------------------------+
; Port ; Type  ; Severity ; Details                   ;
+------+-------+----------+---------------------------+
; In7  ; Input ; Info     ; Explicitly unconnected    ;
; In8  ; Input ; Info     ; Explicitly unconnected    ;
+------+-------+----------+---------------------------+


+-----------------------------------------------------+
; Port Connectivity Checks: "datapath:a2|Mux_4to1:a1" ;
+------+-------+----------+---------------------------+
; Port ; Type  ; Severity ; Details                   ;
+------+-------+----------+---------------------------+
; In4  ; Input ; Info     ; Explicitly unconnected    ;
+------+-------+----------+---------------------------+


+-------------------------------+
; Elapsed Time Per Partition    ;
+----------------+--------------+
; Partition Name ; Elapsed Time ;
+----------------+--------------+
; Top            ; 00:00:00     ;
+----------------+--------------+


+-------------------------------+
; Analysis & Synthesis Messages ;
+-------------------------------+
Info: *******************************************************************
Info: Running Quartus II 64-Bit Analysis & Synthesis
    Info: Version 13.0.0 Build 156 04/24/2013 SJ Web Edition
    Info: Processing started: Wed Oct 20 19:59:03 2021
Info: Command: quartus_map --read_settings_files=on --write_settings_files=off Week7 -c Week7
Warning (20028): Parallel compilation is not licensed and has been disabled
Info (12021): Found 1 design units, including 1 entities, in source file sub.sv
    Info (12023): Found entity 1: sub
Info (12021): Found 1 design units, including 1 entities, in source file ttkt.sv
    Info (12023): Found entity 1: TTKT
Info (12021): Found 1 design units, including 1 entities, in source file ttht.sv
    Info (12023): Found entity 1: TTHT
Info (12021): Found 1 design units, including 1 entities, in source file thanhghi.sv
    Info (12023): Found entity 1: thanhghi
Info (12021): Found 1 design units, including 1 entities, in source file shift_right_1bit.sv
    Info (12023): Found entity 1: shift_right_1bit
Info (12021): Found 1 design units, including 1 entities, in source file register.sv
    Info (12023): Found entity 1: register
Info (12021): Found 1 design units, including 1 entities, in source file mux_4to1.sv
    Info (12023): Found entity 1: Mux_4to1
Info (12021): Found 1 design units, including 1 entities, in source file mux_2to1.sv
    Info (12023): Found entity 1: Mux_2to1
Info (12021): Found 1 design units, including 1 entities, in source file mux8_to1.sv
    Info (12023): Found entity 1: Mux8_to1
Info (12021): Found 1 design units, including 1 entities, in source file min.sv
    Info (12023): Found entity 1: Min
Info (12021): Found 1 design units, including 1 entities, in source file max.sv
    Info (12023): Found entity 1: Max
Info (12021): Found 1 design units, including 1 entities, in source file decoder.sv
    Info (12023): Found entity 1: decoder
Info (12021): Found 1 design units, including 1 entities, in source file datapath.sv
    Info (12023): Found entity 1: datapath
Info (12021): Found 1 design units, including 1 entities, in source file convert1.sv
    Info (12023): Found entity 1: convert1
Info (12021): Found 1 design units, including 1 entities, in source file controler.sv
    Info (12023): Found entity 1: controler
Info (12021): Found 1 design units, including 1 entities, in source file add.sv
    Info (12023): Found entity 1: add
Info (12021): Found 1 design units, including 1 entities, in source file abs.sv
    Info (12023): Found entity 1: abs
Info (12021): Found 1 design units, including 1 entities, in source file thanhghi_tb.v
    Info (12023): Found entity 1: thanhghi_tb
Info (12021): Found 1 design units, including 1 entities, in source file shift_right_3bit.v
    Info (12023): Found entity 1: shift_right_3bit
Info (12021): Found 1 design units, including 1 entities, in source file main_circuit_tb.v
    Info (12023): Found entity 1: main_circuit_tb
Info (12021): Found 1 design units, including 1 entities, in source file main_circuit.v
    Info (12023): Found entity 1: main_circuit
Info (12127): Elaborating entity "main_circuit" for the top level hierarchy
Info (12128): Elaborating entity "controler" for hierarchy "controler:a1"
Info (12128): Elaborating entity "convert1" for hierarchy "controler:a1|convert1:a0"
Warning (10230): Verilog HDL assignment warning at convert1.sv(7): truncated value with size 8 to match size of target (3)
Info (12128): Elaborating entity "decoder" for hierarchy "controler:a1|decoder:a1"
Info (12128): Elaborating entity "datapath" for hierarchy "datapath:a2"
Info (12128): Elaborating entity "Mux_4to1" for hierarchy "datapath:a2|Mux_4to1:a1"
Info (12128): Elaborating entity "Mux_2to1" for hierarchy "datapath:a2|Mux_4to1:a1|Mux_2to1:mux2_0"
Info (12128): Elaborating entity "Mux8_to1" for hierarchy "datapath:a2|Mux8_to1:a2"
Info (12128): Elaborating entity "thanhghi" for hierarchy "datapath:a2|thanhghi:a3"
Info (12128): Elaborating entity "register" for hierarchy "datapath:a2|thanhghi:a3|register:a2"
Info (12128): Elaborating entity "abs" for hierarchy "datapath:a2|abs:a6"
Info (12128): Elaborating entity "sub" for hierarchy "datapath:a2|abs:a6|sub:a23"
Info (12128): Elaborating entity "Min" for hierarchy "datapath:a2|Min:a8"
Info (12128): Elaborating entity "Max" for hierarchy "datapath:a2|Max:a9"
Info (12128): Elaborating entity "add" for hierarchy "datapath:a2|add:a10"
Info (12128): Elaborating entity "shift_right_1bit" for hierarchy "datapath:a2|shift_right_1bit:a12"
Info (12128): Elaborating entity "shift_right_3bit" for hierarchy "datapath:a2|shift_right_3bit:a13"
Warning (13024): Output pins are stuck at VCC or GND
    Warning (13410): Pin "out_reg3[7]" is stuck at GND
Info (16010): Generating hard_block partition "hard_block:auto_generated_inst"
    Info (16011): Adding 0 node(s), including 0 DDIO, 0 PLL, 0 transceiver and 0 LCELL
Info (21057): Implemented 161 device resources after synthesis - the final resource count might be different
    Info (21058): Implemented 18 input pins
    Info (21059): Implemented 32 output pins
    Info (21061): Implemented 111 logic cells
Info: Quartus II 64-Bit Analysis & Synthesis was successful. 0 errors, 4 warnings
    Info: Peak virtual memory: 4612 megabytes
    Info: Processing ended: Wed Oct 20 19:59:06 2021
    Info: Elapsed time: 00:00:03
    Info: Total CPU time (on all processors): 00:00:03


